
Showing logs for build [32mcb-kubecd-environment-pr-197-93-kmdz6-1[0m stage [32mfrom-build-pack[0m and container [32mstep-credential-initializer-8ct9p[0m
{"level":"warn","ts":1586446618.573414,"logger":"fallback-logger","caller":"logging/config.go:69","msg":"Fetch GitHub commit ID from kodata failed: \"ref: refs/heads/0.8.0-**-support-backwards-incompats\" is not a valid GitHub commit ID"}
{"level":"info","ts":1586446618.5754418,"logger":"fallback-logger","caller":"creds-init/main.go:40","msg":"Credentials initialized."}

Showing logs for build [32mcb-kubecd-environment-pr-197-93-kmdz6-1[0m stage [32mfrom-build-pack[0m and container [32mstep-working-dir-initializer-gx4z4[0m
{"level":"warn","ts":1586446619.387296,"logger":"fallback-logger","caller":"logging/config.go:69","msg":"Fetch GitHub commit ID from kodata failed: open /var/run/ko/HEAD: no such file or directory"}
{"level":"info","ts":1586446619.3902516,"logger":"fallback-logger","caller":"bash/main.go:64","msg":"Successfully executed command \"sh -c mkdir -p /workspace/source\"; output "}

Showing logs for build [32mcb-kubecd-environment-pr-197-93-kmdz6-1[0m stage [32mfrom-build-pack[0m and container [32mstep-place-tools[0m

Showing logs for build [32mcb-kubecd-environment-pr-197-93-kmdz6-1[0m stage [32mfrom-build-pack[0m and container [32mstep-git-source-cb-kubecd-environment-pr-197-93-kmdz6-nt7m2[0m
{"level":"warn","ts":1586446623.8839395,"logger":"fallback-logger","caller":"logging/config.go:69","msg":"Fetch GitHub commit ID from kodata failed: \"ref: refs/heads/0.8.0-**-support-backwards-incompats\" is not a valid GitHub commit ID"}
{"level":"info","ts":1586446625.004031,"logger":"fallback-logger","caller":"git/git.go:103","msg":"Successfully cloned https://github.com/cb-kubecd/environment-pr-197-93-boot-gke-staging.git @ master in path /workspace/source"}

Showing logs for build [32mcb-kubecd-environment-pr-197-93-kmdz6-1[0m stage [32mfrom-build-pack[0m and container [32mstep-git-merge[0m
Using SHAs from PULL_REFS=master:fc9c1d9ef8102ca50e83ebf832b70332ac84fad3,6:e66adfd95142391bb13a932a6445eedb4959d447
DEBUG: LC_ALL=C JX_LOG_LEVEL=error git fetch origin --unshallow e66adfd95142391bb13a932a6445eedb4959d447: fc9c1d9ef8102ca50e83ebf832b70332ac84fad3:
DEBUG: ran git fetch --unshallow origin e66adfd95142391bb13a932a6445eedb4959d447: fc9c1d9ef8102ca50e83ebf832b70332ac84fad3: in 
DEBUG: LC_ALL=C JX_LOG_LEVEL=error git branch
DEBUG: LC_ALL=C JX_LOG_LEVEL=error git checkout master
DEBUG: ran git checkout master in 
DEBUG: LC_ALL=C JX_LOG_LEVEL=error git reset --hard fc9c1d9ef8102ca50e83ebf832b70332ac84fad3
DEBUG: ran git reset --hard fc9c1d9ef8102ca50e83ebf832b70332ac84fad3 in 
DEBUG: LC_ALL=C JX_LOG_LEVEL=error git clean -fd .
DEBUG: ran clean --force -d . in 
DEBUG: LC_ALL=C JX_LOG_LEVEL=error git merge e66adfd95142391bb13a932a6445eedb4959d447
DEBUG: ran git merge e66adfd95142391bb13a932a6445eedb4959d447 in 
DEBUG: LC_ALL=C JX_LOG_LEVEL=error git log --format=%H%x1f%an%x1f%ae%x1f%cn%x1f%ce%x1f%s%n%b%x1e fc9c1d9ef8102ca50e83ebf832b70332ac84fad3..HEAD
Merged SHA e66adfd95142391bb13a932a6445eedb4959d447 with commit message 'chore: Promote bdd-sbhg-import-1586445752 to version 0.0.1' into base branch master

Showing logs for build [32mcb-kubecd-environment-pr-197-93-kmdz6-1[0m stage [32mfrom-build-pack[0m and container [32mstep-build-helm-build[0m
WARNING: No $CHART_REPOSITORY defined so using the default value of: http://jenkins-x-chartmuseum:8080
Adding missing Helm repo: storage.googleapis.com https://storage.googleapis.com/chartmuseum.jenkins-x.io
WARNING: No secrets found on "helm/repos" due: reading the secret "helm/repos" from vault: no secret "helm/repos" not found in vault
Read credentials for https://storage.googleapis.com/chartmuseum.jenkins-x.io from vault helm/repos
Successfully added Helm repository storage.googleapis.com.
Adding missing Helm repo: jenkins-x-chartmuseum http://jenkins-x-chartmuseum:8080
WARNING: No secrets found on "helm/repos" due: reading the secret "helm/repos" from vault: no secret "helm/repos" not found in vault
Read credentials for http://jenkins-x-chartmuseum:8080 from vault helm/repos
Successfully added Helm repository jenkins-x-chartmuseum.
WARNING: No $CHART_REPOSITORY defined so using the default value of: http://jenkins-x-chartmuseum:8080
Adding missing Helm repo: chartmuseum.jenkins-x.io http://chartmuseum.jenkins-x.io
WARNING: No secrets found on "helm/repos" due: reading the secret "helm/repos" from vault: no secret "helm/repos" not found in vault
Read credentials for http://chartmuseum.jenkins-x.io from vault helm/repos
Successfully added Helm repository chartmuseum.jenkins-x.io.
