
Showing logs for build [32mcb-kubecd-environment-pr-197-93-wxvm9-1[0m stage [32mfrom-build-pack[0m and container [32mstep-credential-initializer-24lzp[0m
{"level":"warn","ts":1586446043.7100093,"logger":"fallback-logger","caller":"logging/config.go:69","msg":"Fetch GitHub commit ID from kodata failed: \"ref: refs/heads/0.8.0-**-support-backwards-incompats\" is not a valid GitHub commit ID"}
{"level":"info","ts":1586446043.7107425,"logger":"fallback-logger","caller":"creds-init/main.go:40","msg":"Credentials initialized."}

Showing logs for build [32mcb-kubecd-environment-pr-197-93-wxvm9-1[0m stage [32mfrom-build-pack[0m and container [32mstep-working-dir-initializer-755v4[0m
{"level":"warn","ts":1586446044.8736198,"logger":"fallback-logger","caller":"logging/config.go:69","msg":"Fetch GitHub commit ID from kodata failed: open /var/run/ko/HEAD: no such file or directory"}
{"level":"info","ts":1586446044.8785841,"logger":"fallback-logger","caller":"bash/main.go:64","msg":"Successfully executed command \"sh -c mkdir -p /workspace/source\"; output "}

Showing logs for build [32mcb-kubecd-environment-pr-197-93-wxvm9-1[0m stage [32mfrom-build-pack[0m and container [32mstep-place-tools[0m

Showing logs for build [32mcb-kubecd-environment-pr-197-93-wxvm9-1[0m stage [32mfrom-build-pack[0m and container [32mstep-git-source-cb-kubecd-environment-pr-197-93-wxvm9-grgvs[0m
{"level":"warn","ts":1586446048.9870338,"logger":"fallback-logger","caller":"logging/config.go:69","msg":"Fetch GitHub commit ID from kodata failed: \"ref: refs/heads/0.8.0-**-support-backwards-incompats\" is not a valid GitHub commit ID"}
{"level":"info","ts":1586446050.0860436,"logger":"fallback-logger","caller":"git/git.go:103","msg":"Successfully cloned https://github.com/cb-kubecd/environment-pr-197-93-boot-gke-staging.git @ master in path /workspace/source"}

Showing logs for build [32mcb-kubecd-environment-pr-197-93-wxvm9-1[0m stage [32mfrom-build-pack[0m and container [32mstep-git-merge[0m
Using SHAs from PULL_REFS=master:018a025da3dfe73b8be5e84707c2325793afaa8d,5:e71a4dbf013ebd6b36bb44471fa151b5cd00d268
DEBUG: LC_ALL=C JX_LOG_LEVEL=error git fetch origin --unshallow e71a4dbf013ebd6b36bb44471fa151b5cd00d268: 018a025da3dfe73b8be5e84707c2325793afaa8d:
DEBUG: ran git fetch --unshallow origin e71a4dbf013ebd6b36bb44471fa151b5cd00d268: 018a025da3dfe73b8be5e84707c2325793afaa8d: in 
DEBUG: LC_ALL=C JX_LOG_LEVEL=error git branch
DEBUG: LC_ALL=C JX_LOG_LEVEL=error git checkout master
DEBUG: ran git checkout master in 
DEBUG: LC_ALL=C JX_LOG_LEVEL=error git reset --hard 018a025da3dfe73b8be5e84707c2325793afaa8d
DEBUG: ran git reset --hard 018a025da3dfe73b8be5e84707c2325793afaa8d in 
DEBUG: LC_ALL=C JX_LOG_LEVEL=error git clean -fd .
DEBUG: ran clean --force -d . in 
DEBUG: LC_ALL=C JX_LOG_LEVEL=error git merge e71a4dbf013ebd6b36bb44471fa151b5cd00d268
DEBUG: ran git merge e71a4dbf013ebd6b36bb44471fa151b5cd00d268 in 
DEBUG: LC_ALL=C JX_LOG_LEVEL=error git log --format=%H%x1f%an%x1f%ae%x1f%cn%x1f%ce%x1f%s%n%b%x1e 018a025da3dfe73b8be5e84707c2325793afaa8d..HEAD
Merged SHA e71a4dbf013ebd6b36bb44471fa151b5cd00d268 with commit message 'chore: Promote bdd-nh-import-1586445752 to version 0.0.1' into base branch master

Showing logs for build [32mcb-kubecd-environment-pr-197-93-wxvm9-1[0m stage [32mfrom-build-pack[0m and container [32mstep-build-helm-build[0m
WARNING: No $CHART_REPOSITORY defined so using the default value of: http://jenkins-x-chartmuseum:8080
Adding missing Helm repo: storage.googleapis.com https://storage.googleapis.com/chartmuseum.jenkins-x.io
WARNING: No secrets found on "helm/repos" due: reading the secret "helm/repos" from vault: no secret "helm/repos" not found in vault
Read credentials for https://storage.googleapis.com/chartmuseum.jenkins-x.io from vault helm/repos
Successfully added Helm repository storage.googleapis.com.
Adding missing Helm repo: jenkins-x-chartmuseum http://jenkins-x-chartmuseum:8080
WARNING: No secrets found on "helm/repos" due: reading the secret "helm/repos" from vault: no secret "helm/repos" not found in vault
Read credentials for http://jenkins-x-chartmuseum:8080 from vault helm/repos
Successfully added Helm repository jenkins-x-chartmuseum.
WARNING: No $CHART_REPOSITORY defined so using the default value of: http://jenkins-x-chartmuseum:8080
Adding missing Helm repo: chartmuseum.jenkins-x.io http://chartmuseum.jenkins-x.io
WARNING: No secrets found on "helm/repos" due: reading the secret "helm/repos" from vault: no secret "helm/repos" not found in vault
Read credentials for http://chartmuseum.jenkins-x.io from vault helm/repos
Successfully added Helm repository chartmuseum.jenkins-x.io.
